<?xml version="1.0" encoding="UTF-8"?>
<!-- Generated by org.testng.reporters.JUnitReportReporter -->
<testsuite hostname="TestingWorld-PC" name="testing.C" tests="1" failures="0" timestamp="11 Nov 2017 05:32:46 GMT" time="0.006" errors="0">
  <testcase name="tcase1" time="0.006" classname="testing.C"/>
</testsuite> <!-- testing.C -->
