<?xml version="1.0" encoding="UTF-8"?>
<!-- Generated by org.testng.reporters.JUnitReportReporter -->
<testsuite hostname="TestingWorld-PC" name="testing.A" tests="3" failures="0" timestamp="11 Nov 2017 06:01:16 GMT" time="0.054" errors="0">
  <testcase name="test2" time="0.034" classname="testing.A"/>
  <testcase name="test3" time="0.003" classname="testing.A"/>
  <testcase name="test1" time="0.017" classname="testing.A"/>
</testsuite> <!-- testing.A -->
