<?xml version="1.0" encoding="UTF-8"?>
<!-- Generated by org.testng.reporters.JUnitReportReporter -->
<testsuite hostname="TestingWorld-PC" name="testing.B" tests="3" failures="0" timestamp="11 Nov 2017 06:01:16 GMT" time="0.010" errors="0">
  <testcase name="test5" time="0.003" classname="testing.B"/>
  <testcase name="test4" time="0.004" classname="testing.B"/>
  <testcase name="test6" time="0.003" classname="testing.B"/>
</testsuite> <!-- testing.B -->
